<?xml version="1.0" encoding="UTF-8"?>
<!-- Generated by org.testng.reporters.JUnitReportReporter -->
<testsuite hostname="DESKTOP-DS8SVFS" name="com.cfl.Lesson5MavenDemo.MavenTestNGDemo1" tests="1" failures="0" timestamp="15 May 2018 03:43:23 GMT" time="0.022" errors="0">
  <testcase name="HelloWorld" time="0.022" classname="com.cfl.Lesson5MavenDemo.MavenTestNGDemo1"/>
</testsuite> <!-- com.cfl.Lesson5MavenDemo.MavenTestNGDemo1 -->
